<?xml version="1.0" encoding="UTF-8"?>
<testsuite name="hello.core.CoreApplicationTests" tests="1" skipped="0" failures="0" errors="0" timestamp="2024-05-05T04:15:16" hostname="CHRISBK" time="0.664">
  <properties/>
  <testcase name="join()" classname="hello.core.CoreApplicationTests" time="0.664"/>
  <system-out><![CDATA[00:15:15.697 [Test worker] INFO org.springframework.test.context.support.AnnotationConfigContextLoaderUtils -- Could not detect default configuration classes for test class [hello.core.CoreApplicationTests]: CoreApplicationTests does not declare any static, non-private, non-final, nested classes annotated with @Configuration.
00:15:15.779 [Test worker] INFO org.springframework.boot.test.context.SpringBootTestContextBootstrapper -- Found @SpringBootConfiguration hello.core.CoreApplication for test class hello.core.CoreApplicationTests

  .   ____          _            __ _ _
 /\\ / ___'_ __ _ _(_)_ __  __ _ \ \ \ \
( ( )\___ | '_ | '_| | '_ \/ _` | \ \ \ \
 \\/  ___)| |_)| | | | | || (_| |  ) ) ) )
  '  |____| .__|_| |_|_| |_\__, | / / / /
 =========|_|==============|___/=/_/_/_/
 :: Spring Boot ::                (v3.2.5)

2024-05-05T00:15:16.108-04:00  INFO 34076 --- [core] [    Test worker] hello.core.CoreApplicationTests          : Starting CoreApplicationTests using Java 19.0.1 with PID 34076 (started by Gyubum Kim in C:\Users\Gyubum Kim\Desktop\Java_Testing\WhyNeedSping-main\WhyNeedSping-main\core\core)
2024-05-05T00:15:16.109-04:00  INFO 34076 --- [core] [    Test worker] hello.core.CoreApplicationTests          : No active profile set, falling back to 1 default profile: "default"
2024-05-05T00:15:16.527-04:00  INFO 34076 --- [core] [    Test worker] hello.core.CoreApplicationTests          : Started CoreApplicationTests in 0.615 seconds (process running for 1.575)
]]></system-out>
  <system-err><![CDATA[]]></system-err>
</testsuite>
